0 info it worked if it ends with ok
1 verbose cli [ 'C:\\Program Files (x86)\\nodejs\\node.exe',
1 verbose cli   'C:\\Program Files (x86)\\nodejs\\node_modules\\npm\\bin\\npm-cli.js',
1 verbose cli   'install',
1 verbose cli   '-g',
1 verbose cli   'n' ]
2 info using npm@3.6.0
3 info using node@v5.6.0
4 silly loadCurrentTree Starting
5 silly install loadCurrentTree
6 silly install readGlobalPackageData
7 silly fetchPackageMetaData n
8 silly fetchNamedPackageData n
9 silly mapToRegistry name n
10 silly mapToRegistry using default registry
11 silly mapToRegistry registry https://registry.npmjs.org/
12 silly mapToRegistry uri https://registry.npmjs.org/n
13 verbose request uri https://registry.npmjs.org/n
14 verbose request no auth needed
15 info attempt registry request try #1 at 1:53:25 PM
16 verbose request id db1ac74b231f5666
17 http request GET https://registry.npmjs.org/n
18 http 200 https://registry.npmjs.org/n
19 verbose headers { 'content-type': 'application/json; charset=UTF-8',
19 verbose headers   server: 'UploadServer',
19 verbose headers   'cache-control': 'max-age=300',
19 verbose headers   'last-modified': 'Thu, 1 Mar 2018 7:19:52 GMT',
19 verbose headers   etag: '"5a97a998-11743"',
19 verbose headers   'x-npm-region': 'US-West',
19 verbose headers   'content-encoding': 'gzip',
19 verbose headers   'content-length': '11944',
19 verbose headers   'accept-ranges': 'bytes',
19 verbose headers   date: 'Mon, 05 Mar 2018 21:53:31 GMT',
19 verbose headers   via: '1.1 varnish',
19 verbose headers   age: '8050',
19 verbose headers   connection: 'keep-alive',
19 verbose headers   'x-served-by': 'cache-sea1028-SEA',
19 verbose headers   'x-cache': 'HIT',
19 verbose headers   'x-cache-hits': '1',
19 verbose headers   'x-timer': 'S1520286811.462625,VS0,VE1',
19 verbose headers   vary: 'Accept-Encoding, Accept' }
20 silly get cb [ 200,
20 silly get   { 'content-type': 'application/json; charset=UTF-8',
20 silly get     server: 'UploadServer',
20 silly get     'cache-control': 'max-age=300',
20 silly get     'last-modified': 'Thu, 1 Mar 2018 7:19:52 GMT',
20 silly get     etag: '"5a97a998-11743"',
20 silly get     'x-npm-region': 'US-West',
20 silly get     'content-encoding': 'gzip',
20 silly get     'content-length': '11944',
20 silly get     'accept-ranges': 'bytes',
20 silly get     date: 'Mon, 05 Mar 2018 21:53:31 GMT',
20 silly get     via: '1.1 varnish',
20 silly get     age: '8050',
20 silly get     connection: 'keep-alive',
20 silly get     'x-served-by': 'cache-sea1028-SEA',
20 silly get     'x-cache': 'HIT',
20 silly get     'x-cache-hits': '1',
20 silly get     'x-timer': 'S1520286811.462625,VS0,VE1',
20 silly get     vary: 'Accept-Encoding, Accept' } ]
21 verbose get saving n to C:\Users\Courtney\AppData\Roaming\npm-cache\registry.npmjs.org\n\.cache.json
22 verbose correctMkdir C:\Users\Courtney\AppData\Roaming\npm-cache correctMkdir not in flight; initializing
23 silly install normalizeTree
24 silly loadCurrentTree Finishing
25 silly loadIdealTree Starting
26 silly install loadIdealTree
27 silly cloneCurrentTree Starting
28 silly install cloneCurrentTreeToIdealTree
29 silly cloneCurrentTree Finishing
30 silly loadShrinkwrap Starting
31 silly install loadShrinkwrap
32 silly loadShrinkwrap Finishing
33 silly loadAllDepsIntoIdealTree Starting
34 silly install loadAllDepsIntoIdealTree
35 silly rollbackFailedOptional Starting
36 silly rollbackFailedOptional Finishing
37 silly runTopLevelLifecycles Starting
38 silly runTopLevelLifecycles Finishing
39 silly install printInstalled
40 verbose stack Error: Unsupported platform for n@2.1.8: wanted {"name":"n","description":"Interactively Manage All Your Node Versions","version":"2.1.8","author":{"name":"TJ Holowaychuk","email":"tj@vision-media.ca"},"homepage":"https://github.com/tj/n","bugs":{"url":"https://github.com/tj/n/issues"},"contributors":[{"name":"Travis Webb","email":"me@traviswebb.com","url":"tjw.io"},{"name":"Nimit Kalra","email":"me@nimit.io","url":"http://nimit.io"},{"name":"Troy Connor","email":"troy0820@gmail.com","url":"https://github.com/troy0820"}],"keywords":["nvm","node","version","manager","switcher","node","binary","env"],"bin":{"n":"./bin/n"},"repository":{"type":"git","url":"git://github.com/tj/n.git"},"preferGlobal":true,"os":["!win32"],"engines":{"node":"*"},"license":"MIT","gitHead":"14ab6ff01f3b673e2e29f465a00e0b29643bb8d9","_id":"n@2.1.8","_npmVersion":"5.0.3","_nodeVersion":"8.1.2","_npmUser":{"name":"troy0820","email":"troy0820@gmail.com"},"dist":{"integrity":"sha512-VN3To6jBHSdTHmv+fT00V1nBdj3MWdcOlEKBEaUtXKRqQhuN289B9Jym9P/L3rXfafAsapmh4Fcr/DUR8DGJVg==","shasum":"9b770f6ae0a93c49c64fb614625a63cc5a22d1fd","tarball":"https://registry.npmjs.org/n/-/n-2.1.8.tgz"},"maintainers":[{"name":"bat","email":"ben@benatkin.com"},{"name":"qw3rtman","email":"me@nimit.io"},{"name":"tedgaydos","email":"tedgaydos@gmail.com"},{"name":"tjholowaychuk","email":"tj@vision-media.ca"},{"name":"tjwebb","email":"me@traviswebb.com"},{"name":"troy0820","email":"troy0820@gmail.com"}],"_npmOperationalInternal":{"host":"s3://npm-registry-packages","tmp":"tmp/n-2.1.8.tgz_1498880450388_0.9696143395267427"},"directories":{},"_requested":{"raw":"n","scope":null,"name":"n","rawSpec":"","spec":"latest","type":"tag"},"_spec":"n","_where":"","_args":[["n",""]],"readme":"ERROR: No README data found!"} (current: {"os":"win32","cpu":"ia32"})
40 verbose stack     at checkPlatform (C:\Program Files (x86)\nodejs\node_modules\npm\node_modules\npm-install-checks\index.js:45:14)
40 verbose stack     at thenWarnEngineIssues (C:\Program Files (x86)\nodejs\node_modules\npm\lib\install\validate-args.js:41:5)
40 verbose stack     at C:\Program Files (x86)\nodejs\node_modules\npm\node_modules\iferr\index.js:13:50
40 verbose stack     at checkEngine (C:\Program Files (x86)\nodejs\node_modules\npm\node_modules\npm-install-checks\index.js:24:10)
40 verbose stack     at module.exports.isInstallable (C:\Program Files (x86)\nodejs\node_modules\npm\lib\install\validate-args.js:38:3)
40 verbose stack     at Array.<anonymous> (C:\Program Files (x86)\nodejs\node_modules\npm\node_modules\slide\lib\bind-actor.js:15:8)
40 verbose stack     at LOOP (C:\Program Files (x86)\nodejs\node_modules\npm\node_modules\slide\lib\chain.js:15:14)
40 verbose stack     at C:\Program Files (x86)\nodejs\node_modules\npm\node_modules\slide\lib\chain.js:18:7
40 verbose stack     at checkSelf (C:\Program Files (x86)\nodejs\node_modules\npm\lib\install\validate-args.js:46:72)
40 verbose stack     at Array.<anonymous> (C:\Program Files (x86)\nodejs\node_modules\npm\node_modules\slide\lib\bind-actor.js:15:8)
41 verbose pkgid n@2.1.8
42 verbose cwd C:\Users\Courtney\desktop\cryptodex
43 error Windows_NT 6.3.9600
44 error argv "C:\\Program Files (x86)\\nodejs\\node.exe" "C:\\Program Files (x86)\\nodejs\\node_modules\\npm\\bin\\npm-cli.js" "install" "-g" "n"
45 error node v5.6.0
46 error npm  v3.6.0
47 error code EBADPLATFORM
48 error notsup Not compatible with your operating system or architecture: n@2.1.8
49 error notsup Valid OS:    !win32
49 error notsup Valid Arch:  any
49 error notsup Actual OS:   win32
49 error notsup Actual Arch: ia32
50 verbose exit [ 1, true ]
